<?xml version="1.0" encoding="UTF-8"?>
<testsuite xmlns:xsi="http://www.w3.org/2001/XMLSchema-instance" xsi:noNamespaceSchemaLocation="https://maven.apache.org/surefire/maven-surefire-plugin/xsd/surefire-test-report.xsd" version="3.0.2" name="za.co.fraudruleengine.unit.rule.AmountThresholdRuleTest" time="0.003" tests="4" errors="0" skipped="0" failures="0" flakes="0">
  <properties>
[...]
</properties>
  <testcase name="shouldMatchWhenAmountExceedsThreshold" classname="za.co.fraudruleengine.unit.rule.AmountThresholdRuleTest" time="0.0"/>
  <testcase name="shouldNotMatchWhenAmountEqualsThreshold" classname="za.co.fraudruleengine.unit.rule.AmountThresholdRuleTest" time="0.001"/>
  <testcase name="shouldNotMatchWhenAmountBelowThreshold" classname="za.co.fraudruleengine.unit.rule.AmountThresholdRuleTest" time="0.0"/>
  <testcase name="shouldUseDefaultThresholdWhenParamMissing" classname="za.co.fraudruleengine.unit.rule.AmountThresholdRuleTest" time="0.0"/>
</testsuite>